{"C:\\Users\\mayer\\Documents\\GitHub\\actions_demo\\testing\\mwst.js": {"path":"C:\\Users\\mayer\\Documents\\GitHub\\actions_demo\\testing\\mwst.js","statementMap":{"0":{"start":{"line":2,"column":19},"end":{"line":2,"column":32}},"1":{"start":{"line":4,"column":4},"end":{"line":4,"column":42}},"2":{"start":{"line":9,"column":19},"end":{"line":9,"column":42}},"3":{"start":{"line":10,"column":4},"end":{"line":10,"column":66}},"4":{"start":{"line":13,"column":0},"end":{"line":13,"column":34}}},"fnMap":{"0":{"name":"mwst","decl":{"start":{"line":1,"column":9},"end":{"line":1,"column":13}},"loc":{"start":{"line":1,"column":35},"end":{"line":5,"column":1}},"line":1},"1":{"name":"brutto","decl":{"start":{"line":8,"column":9},"end":{"line":8,"column":15}},"loc":{"start":{"line":8,"column":42},"end":{"line":11,"column":1}},"line":8}},"branchMap":{"0":{"loc":{"start":{"line":1,"column":22},"end":{"line":1,"column":33}},"type":"default-arg","locations":[{"start":{"line":1,"column":29},"end":{"line":1,"column":33}}],"line":1},"1":{"loc":{"start":{"line":8,"column":29},"end":{"line":8,"column":40}},"type":"default-arg","locations":[{"start":{"line":8,"column":36},"end":{"line":8,"column":40}}],"line":8}},"s":{"0":5,"1":5,"2":2,"3":2,"4":1},"f":{"0":5,"1":2},"b":{"0":[0],"1":[0]},"_coverageSchema":"1a1c01bbd47fc00a2c39e90264f33305004495a9","hash":"9d7a8759e429fc201aa4f760c191a4fc89a26f97"}
}
