{"C:\\Users\\mayer\\Documents\\GitHub\\actions_demo\\testing\\math.js": {"path":"C:\\Users\\mayer\\Documents\\GitHub\\actions_demo\\testing\\math.js","statementMap":{"0":{"start":{"line":2,"column":4},"end":{"line":2,"column":16}},"1":{"start":{"line":6,"column":4},"end":{"line":6,"column":16}},"2":{"start":{"line":10,"column":4},"end":{"line":10,"column":16}},"3":{"start":{"line":13,"column":4},"end":{"line":15,"column":5}},"4":{"start":{"line":14,"column":8},"end":{"line":14,"column":62}},"5":{"start":{"line":16,"column":4},"end":{"line":16,"column":16}},"6":{"start":{"line":19,"column":0},"end":{"line":24,"column":1}}},"fnMap":{"0":{"name":"addieren","decl":{"start":{"line":1,"column":9},"end":{"line":1,"column":17}},"loc":{"start":{"line":1,"column":24},"end":{"line":3,"column":1}},"line":1},"1":{"name":"subtrahieren","decl":{"start":{"line":5,"column":9},"end":{"line":5,"column":21}},"loc":{"start":{"line":5,"column":28},"end":{"line":7,"column":1}},"line":5},"2":{"name":"multiplizieren","decl":{"start":{"line":9,"column":9},"end":{"line":9,"column":23}},"loc":{"start":{"line":9,"column":30},"end":{"line":11,"column":1}},"line":9},"3":{"name":"dividieren","decl":{"start":{"line":12,"column":9},"end":{"line":12,"column":19}},"loc":{"start":{"line":12,"column":26},"end":{"line":17,"column":1}},"line":12}},"branchMap":{"0":{"loc":{"start":{"line":13,"column":4},"end":{"line":15,"column":5}},"type":"if","locations":[{"start":{"line":13,"column":4},"end":{"line":15,"column":5}},{"start":{},"end":{}}],"line":13}},"s":{"0":2,"1":1,"2":1,"3":2,"4":1,"5":1,"6":1},"f":{"0":2,"1":1,"2":1,"3":2},"b":{"0":[1,1]},"_coverageSchema":"1a1c01bbd47fc00a2c39e90264f33305004495a9","hash":"df58c11cd5d5f05170355b27ec0cf81c88d8c064"}
,"C:\\Users\\mayer\\Documents\\GitHub\\actions_demo\\testing\\mwst.js": {"path":"C:\\Users\\mayer\\Documents\\GitHub\\actions_demo\\testing\\mwst.js","statementMap":{"0":{"start":{"line":2,"column":19},"end":{"line":2,"column":32}},"1":{"start":{"line":4,"column":4},"end":{"line":4,"column":42}},"2":{"start":{"line":9,"column":19},"end":{"line":9,"column":42}},"3":{"start":{"line":10,"column":4},"end":{"line":10,"column":66}},"4":{"start":{"line":13,"column":0},"end":{"line":13,"column":34}}},"fnMap":{"0":{"name":"mwst","decl":{"start":{"line":1,"column":9},"end":{"line":1,"column":13}},"loc":{"start":{"line":1,"column":35},"end":{"line":5,"column":1}},"line":1},"1":{"name":"brutto","decl":{"start":{"line":8,"column":9},"end":{"line":8,"column":15}},"loc":{"start":{"line":8,"column":42},"end":{"line":11,"column":1}},"line":8}},"branchMap":{"0":{"loc":{"start":{"line":1,"column":22},"end":{"line":1,"column":33}},"type":"default-arg","locations":[{"start":{"line":1,"column":29},"end":{"line":1,"column":33}}],"line":1},"1":{"loc":{"start":{"line":8,"column":29},"end":{"line":8,"column":40}},"type":"default-arg","locations":[{"start":{"line":8,"column":36},"end":{"line":8,"column":40}}],"line":8}},"s":{"0":5,"1":5,"2":2,"3":2,"4":1},"f":{"0":5,"1":2},"b":{"0":[2],"1":[1]},"_coverageSchema":"1a1c01bbd47fc00a2c39e90264f33305004495a9","hash":"9d7a8759e429fc201aa4f760c191a4fc89a26f97"}
}
